0 info it worked if it ends with ok
1 verbose cli [ 'D:\\Program Files (x86)\\nodejs\\\\node.exe',
1 verbose cli   'D:\\Program Files (x86)\\nodejs\\node_modules\\npm\\bin\\npm-cli.js',
1 verbose cli   'install',
1 verbose cli   'grunt-contri-copy',
1 verbose cli   '--save-dev' ]
2 info using npm@1.4.28
3 info using node@v0.10.35
4 verbose node symlink D:\Program Files (x86)\nodejs\\node.exe
5 warn package.json mygrunt@1.0.0 No repository field.
6 warn package.json mygrunt@1.0.0 No README data
7 verbose readDependencies using package.json deps
8 verbose cache add [ 'grunt-contri-copy', null ]
9 verbose cache add name=undefined spec="grunt-contri-copy" args=["grunt-contri-copy",null]
10 verbose parsed url { protocol: null,
10 verbose parsed url   slashes: null,
10 verbose parsed url   auth: null,
10 verbose parsed url   host: null,
10 verbose parsed url   port: null,
10 verbose parsed url   hostname: null,
10 verbose parsed url   hash: null,
10 verbose parsed url   search: null,
10 verbose parsed url   query: null,
10 verbose parsed url   pathname: 'grunt-contri-copy',
10 verbose parsed url   path: 'grunt-contri-copy',
10 verbose parsed url   href: 'grunt-contri-copy' }
11 silly lockFile d48b7ac7-grunt-contri-copy grunt-contri-copy
12 verbose lock grunt-contri-copy C:\Users\Administrator\AppData\Roaming\npm-cache\d48b7ac7-grunt-contri-copy.lock
13 silly lockFile d48b7ac7-grunt-contri-copy grunt-contri-copy
14 silly lockFile d48b7ac7-grunt-contri-copy grunt-contri-copy
15 verbose addNamed [ 'grunt-contri-copy', '' ]
16 verbose addNamed [ null, '*' ]
17 silly lockFile 1df9a057-grunt-contri-copy grunt-contri-copy@
18 verbose lock grunt-contri-copy@ C:\Users\Administrator\AppData\Roaming\npm-cache\1df9a057-grunt-contri-copy.lock
19 silly addNameRange { name: 'grunt-contri-copy', range: '*', hasData: false }
20 verbose request where is /grunt-contri-copy
21 verbose request registry https://registry.npmjs.org/
22 verbose request id 2f1e247ad7408fcf
23 verbose url raw /grunt-contri-copy
24 verbose url resolving [ 'https://registry.npmjs.org/', './grunt-contri-copy' ]
25 verbose url resolved https://registry.npmjs.org/grunt-contri-copy
26 verbose request where is https://registry.npmjs.org/grunt-contri-copy
27 info trying registry request attempt 1 at 17:17:41
28 http GET https://registry.npmjs.org/grunt-contri-copy
29 http 404 https://registry.npmjs.org/grunt-contri-copy
30 verbose headers { date: 'Fri, 27 Feb 2015 09:21:00 GMT',
30 verbose headers   server: 'CouchDB/1.6.1 (Erlang OTP/R14B04)',
30 verbose headers   'content-type': 'application/json',
30 verbose headers   'cache-control': 'max-age=0',
30 verbose headers   'content-length': '52',
30 verbose headers   'accept-ranges': 'bytes',
30 verbose headers   via: '1.1 varnish',
30 verbose headers   age: '0',
30 verbose headers   'x-served-by': 'cache-nrt6128-NRT',
30 verbose headers   'x-cache': 'MISS',
30 verbose headers   'x-cache-hits': '0',
30 verbose headers   'x-timer': 'S1425028859.875537,VS0,VE753',
30 verbose headers   'keep-alive': 'timeout=10, max=50',
30 verbose headers   connection: 'Keep-Alive' }
31 silly registry.get cb [ 404,
31 silly registry.get   { date: 'Fri, 27 Feb 2015 09:21:00 GMT',
31 silly registry.get     server: 'CouchDB/1.6.1 (Erlang OTP/R14B04)',
31 silly registry.get     'content-type': 'application/json',
31 silly registry.get     'cache-control': 'max-age=0',
31 silly registry.get     'content-length': '52',
31 silly registry.get     'accept-ranges': 'bytes',
31 silly registry.get     via: '1.1 varnish',
31 silly registry.get     age: '0',
31 silly registry.get     'x-served-by': 'cache-nrt6128-NRT',
31 silly registry.get     'x-cache': 'MISS',
31 silly registry.get     'x-cache-hits': '0',
31 silly registry.get     'x-timer': 'S1425028859.875537,VS0,VE753',
31 silly registry.get     'keep-alive': 'timeout=10, max=50',
31 silly registry.get     connection: 'Keep-Alive' } ]
32 silly lockFile 1df9a057-grunt-contri-copy grunt-contri-copy@
33 silly lockFile 1df9a057-grunt-contri-copy grunt-contri-copy@
34 error 404 404 Not Found: grunt-contri-copy
34 error 404
34 error 404 'grunt-contri-copy' is not in the npm registry.
34 error 404 You should bug the author to publish it
34 error 404 It was specified as a dependency of 'mygrunt'
34 error 404
34 error 404 Note that you can also install from a
34 error 404 tarball, folder, or http url, or git url.
35 error System Windows_NT 6.1.7601
36 error command "D:\\Program Files (x86)\\nodejs\\\\node.exe" "D:\\Program Files (x86)\\nodejs\\node_modules\\npm\\bin\\npm-cli.js" "install" "grunt-contri-copy" "--save-dev"
37 error cwd D:\nodepro\mygrunt
38 error node -v v0.10.35
39 error npm -v 1.4.28
40 error code E404
41 verbose exit [ 1, true ]
